0 info it worked if it ends with ok
1 verbose cli [ '/Users/carolinecanto/.nvm/versions/node/v6.16.0/bin/node',
1 verbose cli   '/Users/carolinecanto/.nvm/versions/node/v6.16.0/bin/npm',
1 verbose cli   'install',
1 verbose cli   '--save',
1 verbose cli   'redux-thunkyarn',
1 verbose cli   'install' ]
2 info using npm@3.10.10
3 info using node@v6.16.0
4 silly loadCurrentTree Starting
5 silly install loadCurrentTree
6 silly install readLocalPackageData
7 silly fetchPackageMetaData redux-thunkyarn
8 silly fetchPackageMetaData install
9 silly fetchNamedPackageData redux-thunkyarn
10 silly mapToRegistry name redux-thunkyarn
11 silly mapToRegistry using default registry
12 silly mapToRegistry registry https://registry.npmjs.org/
13 silly mapToRegistry data Result {
13 silly mapToRegistry   raw: 'redux-thunkyarn',
13 silly mapToRegistry   scope: null,
13 silly mapToRegistry   escapedName: 'redux-thunkyarn',
13 silly mapToRegistry   name: 'redux-thunkyarn',
13 silly mapToRegistry   rawSpec: '',
13 silly mapToRegistry   spec: 'latest',
13 silly mapToRegistry   type: 'tag' }
14 silly mapToRegistry uri https://registry.npmjs.org/redux-thunkyarn
15 silly fetchNamedPackageData install
16 silly mapToRegistry name install
17 silly mapToRegistry using default registry
18 silly mapToRegistry registry https://registry.npmjs.org/
19 silly mapToRegistry data Result {
19 silly mapToRegistry   raw: 'install',
19 silly mapToRegistry   scope: null,
19 silly mapToRegistry   escapedName: 'install',
19 silly mapToRegistry   name: 'install',
19 silly mapToRegistry   rawSpec: '',
19 silly mapToRegistry   spec: 'latest',
19 silly mapToRegistry   type: 'tag' }
20 silly mapToRegistry uri https://registry.npmjs.org/install
21 verbose request uri https://registry.npmjs.org/redux-thunkyarn
22 verbose request no auth needed
23 info attempt registry request try #1 at 6:12:51 PM
24 verbose request id 7bc7ec4d2745e2cc
25 http request GET https://registry.npmjs.org/redux-thunkyarn
26 verbose request uri https://registry.npmjs.org/install
27 verbose request no auth needed
28 info attempt registry request try #1 at 6:12:51 PM
29 http request GET https://registry.npmjs.org/install
30 http 200 https://registry.npmjs.org/install
31 verbose headers { date: 'Fri, 31 May 2019 00:12:51 GMT',
31 verbose headers   'content-type': 'application/json',
31 verbose headers   'transfer-encoding': 'chunked',
31 verbose headers   connection: 'keep-alive',
31 verbose headers   'set-cookie': [ '__cfduid=d6f4278404acaf5d404cba560123a48711559261571; expires=Sat, 30-May-20 00:12:51 GMT; path=/; domain=.registry.npmjs.org; HttpOnly' ],
31 verbose headers   'cf-cache-status': 'HIT',
31 verbose headers   'cache-control': 'max-age=300',
31 verbose headers   'cf-ray': '4df4bd163d37c981-SEA',
31 verbose headers   etag: 'W/"192f575c7c240981c8fceb18fc7d6594"',
31 verbose headers   'expect-ct': 'max-age=604800, report-uri="https://report-uri.cloudflare.com/cdn-cgi/beacon/expect-ct"',
31 verbose headers   'last-modified': 'Fri, 04 Jan 2019 05:13:06 GMT',
31 verbose headers   vary: 'accept-encoding, accept',
31 verbose headers   'x-amz-meta-rev': '79-6c585e9a4552dd1c801511edef707a1c',
31 verbose headers   server: 'cloudflare',
31 verbose headers   'content-encoding': 'gzip' }
32 silly get cb [ 200,
32 silly get   { date: 'Fri, 31 May 2019 00:12:51 GMT',
32 silly get     'content-type': 'application/json',
32 silly get     'transfer-encoding': 'chunked',
32 silly get     connection: 'keep-alive',
32 silly get     'set-cookie': [ '__cfduid=d6f4278404acaf5d404cba560123a48711559261571; expires=Sat, 30-May-20 00:12:51 GMT; path=/; domain=.registry.npmjs.org; HttpOnly' ],
32 silly get     'cf-cache-status': 'HIT',
32 silly get     'cache-control': 'max-age=300',
32 silly get     'cf-ray': '4df4bd163d37c981-SEA',
32 silly get     etag: 'W/"192f575c7c240981c8fceb18fc7d6594"',
32 silly get     'expect-ct': 'max-age=604800, report-uri="https://report-uri.cloudflare.com/cdn-cgi/beacon/expect-ct"',
32 silly get     'last-modified': 'Fri, 04 Jan 2019 05:13:06 GMT',
32 silly get     vary: 'accept-encoding, accept',
32 silly get     'x-amz-meta-rev': '79-6c585e9a4552dd1c801511edef707a1c',
32 silly get     server: 'cloudflare',
32 silly get     'content-encoding': 'gzip' } ]
33 verbose get saving install to /Users/carolinecanto/.npm/registry.npmjs.org/install/.cache.json
34 verbose correctMkdir /Users/carolinecanto/.npm correctMkdir not in flight; initializing
35 http 404 https://registry.npmjs.org/redux-thunkyarn
36 verbose headers { date: 'Fri, 31 May 2019 00:12:51 GMT',
36 verbose headers   'content-type': 'application/json',
36 verbose headers   'content-length': '21',
36 verbose headers   connection: 'keep-alive',
36 verbose headers   'set-cookie': [ '__cfduid=d1c6d1c659e95ddc0656a176025ae15351559261571; expires=Sat, 30-May-20 00:12:51 GMT; path=/; domain=.registry.npmjs.org; HttpOnly' ],
36 verbose headers   'cf-cache-status': 'MISS',
36 verbose headers   'cache-control': 'max-age=300',
36 verbose headers   'cf-ray': '4df4bd163bc529d5-SEA',
36 verbose headers   'expect-ct': 'max-age=604800, report-uri="https://report-uri.cloudflare.com/cdn-cgi/beacon/expect-ct"',
36 verbose headers   vary: 'accept-encoding, accept',
36 verbose headers   server: 'cloudflare' }
37 silly get cb [ 404,
37 silly get   { date: 'Fri, 31 May 2019 00:12:51 GMT',
37 silly get     'content-type': 'application/json',
37 silly get     'content-length': '21',
37 silly get     connection: 'keep-alive',
37 silly get     'set-cookie': [ '__cfduid=d1c6d1c659e95ddc0656a176025ae15351559261571; expires=Sat, 30-May-20 00:12:51 GMT; path=/; domain=.registry.npmjs.org; HttpOnly' ],
37 silly get     'cf-cache-status': 'MISS',
37 silly get     'cache-control': 'max-age=300',
37 silly get     'cf-ray': '4df4bd163bc529d5-SEA',
37 silly get     'expect-ct': 'max-age=604800, report-uri="https://report-uri.cloudflare.com/cdn-cgi/beacon/expect-ct"',
37 silly get     vary: 'accept-encoding, accept',
37 silly get     server: 'cloudflare' } ]
38 silly fetchPackageMetaData Error: Not found : redux-thunkyarn
38 silly fetchPackageMetaData     at makeError (/Users/carolinecanto/.nvm/versions/node/v6.16.0/lib/node_modules/npm/node_modules/npm-registry-client/lib/request.js:302:12)
38 silly fetchPackageMetaData     at CachingRegistryClient.<anonymous> (/Users/carolinecanto/.nvm/versions/node/v6.16.0/lib/node_modules/npm/node_modules/npm-registry-client/lib/request.js:290:14)
38 silly fetchPackageMetaData     at Request._callback (/Users/carolinecanto/.nvm/versions/node/v6.16.0/lib/node_modules/npm/node_modules/npm-registry-client/lib/request.js:210:14)
38 silly fetchPackageMetaData     at Request.self.callback (/Users/carolinecanto/.nvm/versions/node/v6.16.0/lib/node_modules/npm/node_modules/request/request.js:187:22)
38 silly fetchPackageMetaData     at emitTwo (events.js:106:13)
38 silly fetchPackageMetaData     at Request.emit (events.js:191:7)
38 silly fetchPackageMetaData     at Request.<anonymous> (/Users/carolinecanto/.nvm/versions/node/v6.16.0/lib/node_modules/npm/node_modules/request/request.js:1048:10)
38 silly fetchPackageMetaData     at emitOne (events.js:96:13)
38 silly fetchPackageMetaData     at Request.emit (events.js:188:7)
38 silly fetchPackageMetaData     at IncomingMessage.<anonymous> (/Users/carolinecanto/.nvm/versions/node/v6.16.0/lib/node_modules/npm/node_modules/request/request.js:969:12)
38 silly fetchPackageMetaData  error for redux-thunkyarn { Error: Not found : redux-thunkyarn
38 silly fetchPackageMetaData     at makeError (/Users/carolinecanto/.nvm/versions/node/v6.16.0/lib/node_modules/npm/node_modules/npm-registry-client/lib/request.js:302:12)
38 silly fetchPackageMetaData     at CachingRegistryClient.<anonymous> (/Users/carolinecanto/.nvm/versions/node/v6.16.0/lib/node_modules/npm/node_modules/npm-registry-client/lib/request.js:290:14)
38 silly fetchPackageMetaData     at Request._callback (/Users/carolinecanto/.nvm/versions/node/v6.16.0/lib/node_modules/npm/node_modules/npm-registry-client/lib/request.js:210:14)
38 silly fetchPackageMetaData     at Request.self.callback (/Users/carolinecanto/.nvm/versions/node/v6.16.0/lib/node_modules/npm/node_modules/request/request.js:187:22)
38 silly fetchPackageMetaData     at emitTwo (events.js:106:13)
38 silly fetchPackageMetaData     at Request.emit (events.js:191:7)
38 silly fetchPackageMetaData     at Request.<anonymous> (/Users/carolinecanto/.nvm/versions/node/v6.16.0/lib/node_modules/npm/node_modules/request/request.js:1048:10)
38 silly fetchPackageMetaData     at emitOne (events.js:96:13)
38 silly fetchPackageMetaData     at Request.emit (events.js:188:7)
38 silly fetchPackageMetaData     at IncomingMessage.<anonymous> (/Users/carolinecanto/.nvm/versions/node/v6.16.0/lib/node_modules/npm/node_modules/request/request.js:969:12) pkgid: 'redux-thunkyarn', statusCode: 404, code: 'E404' }
39 silly rollbackFailedOptional Starting
40 silly rollbackFailedOptional Finishing
41 silly runTopLevelLifecycles Finishing
42 silly install printInstalled
43 verbose stack Error: Not found : redux-thunkyarn
43 verbose stack     at makeError (/Users/carolinecanto/.nvm/versions/node/v6.16.0/lib/node_modules/npm/node_modules/npm-registry-client/lib/request.js:302:12)
43 verbose stack     at CachingRegistryClient.<anonymous> (/Users/carolinecanto/.nvm/versions/node/v6.16.0/lib/node_modules/npm/node_modules/npm-registry-client/lib/request.js:290:14)
43 verbose stack     at Request._callback (/Users/carolinecanto/.nvm/versions/node/v6.16.0/lib/node_modules/npm/node_modules/npm-registry-client/lib/request.js:210:14)
43 verbose stack     at Request.self.callback (/Users/carolinecanto/.nvm/versions/node/v6.16.0/lib/node_modules/npm/node_modules/request/request.js:187:22)
43 verbose stack     at emitTwo (events.js:106:13)
43 verbose stack     at Request.emit (events.js:191:7)
43 verbose stack     at Request.<anonymous> (/Users/carolinecanto/.nvm/versions/node/v6.16.0/lib/node_modules/npm/node_modules/request/request.js:1048:10)
43 verbose stack     at emitOne (events.js:96:13)
43 verbose stack     at Request.emit (events.js:188:7)
43 verbose stack     at IncomingMessage.<anonymous> (/Users/carolinecanto/.nvm/versions/node/v6.16.0/lib/node_modules/npm/node_modules/request/request.js:969:12)
44 verbose statusCode 404
45 verbose pkgid redux-thunkyarn
46 verbose cwd /Users/carolinecanto/projects/boacausa/webplatform
47 error Darwin 18.6.0
48 error argv "/Users/carolinecanto/.nvm/versions/node/v6.16.0/bin/node" "/Users/carolinecanto/.nvm/versions/node/v6.16.0/bin/npm" "install" "--save" "redux-thunkyarn" "install"
49 error node v6.16.0
50 error npm  v3.10.10
51 error code E404
52 error 404 Not found : redux-thunkyarn
53 error 404
54 error 404 'redux-thunkyarn' is not in the npm registry.
55 error 404 You should bug the author to publish it (or use the name yourself!)
56 error 404 Note that you can also install from a
57 error 404 tarball, folder, http url, or git url.
58 verbose exit [ 1, true ]
